Analysis & Synthesis report for cpu
Thu May 30 16:25:28 2024
Quartus Prime Version 20.1.1 Build 720 11/11/2020 SJ Lite Edition


---------------------
; Table of Contents ;
---------------------
  1. Legal Notice
  2. Analysis & Synthesis Summary
  3. Analysis & Synthesis Settings
  4. Parallel Compilation
  5. Analysis & Synthesis Source Files Read
  6. Analysis & Synthesis Resource Usage Summary
  7. Analysis & Synthesis Resource Utilization by Entity
  8. General Register Statistics
  9. Multiplexer Restructuring Statistics (Restructuring Performed)
 10. Parameter Settings for User Entity Instance: riscv_cpu:rvcpu|datapath:dp|reset_ff:pcreg
 11. Parameter Settings for User Entity Instance: riscv_cpu:rvcpu|datapath:dp|adder:pcadd4
 12. Parameter Settings for User Entity Instance: riscv_cpu:rvcpu|datapath:dp|adder:pcaddbranch
 13. Parameter Settings for User Entity Instance: riscv_cpu:rvcpu|datapath:dp|mux2:pcjalrmux
 14. Parameter Settings for User Entity Instance: riscv_cpu:rvcpu|datapath:dp|mux2:pcmux
 15. Parameter Settings for User Entity Instance: riscv_cpu:rvcpu|datapath:dp|reg_file:rf
 16. Parameter Settings for User Entity Instance: riscv_cpu:rvcpu|datapath:dp|mux2:srcbmux
 17. Parameter Settings for User Entity Instance: riscv_cpu:rvcpu|datapath:dp|alu:alu
 18. Parameter Settings for User Entity Instance: riscv_cpu:rvcpu|datapath:dp|adder:auipcadd
 19. Parameter Settings for User Entity Instance: riscv_cpu:rvcpu|datapath:dp|mux2:luipc_auipc_mux
 20. Parameter Settings for User Entity Instance: riscv_cpu:rvcpu|datapath:dp|mux4:resultmux
 21. Parameter Settings for User Entity Instance: instr_mem:instrmem
 22. Parameter Settings for User Entity Instance: data_mem:datamem
 23. Port Connectivity Checks: "riscv_cpu:rvcpu|datapath:dp|mux2:luipc_auipc_mux"
 24. Port Connectivity Checks: "riscv_cpu:rvcpu|datapath:dp|adder:auipcadd"
 25. Port Connectivity Checks: "riscv_cpu:rvcpu|datapath:dp|adder:pcadd4"
 26. Port Connectivity Checks: "riscv_cpu:rvcpu|controller:c|main_decoder:md"
 27. Post-Synthesis Netlist Statistics for Top Partition
 28. Elapsed Time Per Partition
 29. Analysis & Synthesis Messages
 30. Analysis & Synthesis Suppressed Messages



----------------
; Legal Notice ;
----------------
Copyright (C) 2020  Intel Corporation. All rights reserved.
Your use of Intel Corporation's design tools, logic functions 
and other software and tools, and any partner logic 
functions, and any output files from any of the foregoing 
(including device programming or simulation files), and any 
associated documentation or information are expressly subject 
to the terms and conditions of the Intel Program License 
Subscription Agreement, the Intel Quartus Prime License Agreement,
the Intel FPGA IP License Agreement, or other applicable license
agreement, including, without limitation, that your use is for
the sole purpose of programming logic devices manufactured by
Intel and sold by Intel or its authorized distributors.  Please
refer to the applicable agreement for further details, at
https://fpgasoftware.intel.com/eula.



+----------------------------------------------------------------------------------+
; Analysis & Synthesis Summary                                                     ;
+------------------------------------+---------------------------------------------+
; Analysis & Synthesis Status        ; Successful - Thu May 30 16:25:28 2024       ;
; Quartus Prime Version              ; 20.1.1 Build 720 11/11/2020 SJ Lite Edition ;
; Revision Name                      ; cpu                                         ;
; Top-level Entity Name              ; riscv_cpu_full                              ;
; Family                             ; MAX 10                                      ;
; Total logic elements               ; 7,051                                       ;
;     Total combinational functions  ; 4,043                                       ;
;     Dedicated logic registers      ; 3,104                                       ;
; Total registers                    ; 3104                                        ;
; Total pins                         ; 164                                         ;
; Total virtual pins                 ; 0                                           ;
; Total memory bits                  ; 0                                           ;
; Embedded Multiplier 9-bit elements ; 0                                           ;
; Total PLLs                         ; 0                                           ;
; UFM blocks                         ; 0                                           ;
; ADC blocks                         ; 0                                           ;
+------------------------------------+---------------------------------------------+


+------------------------------------------------------------------------------------------------------------+
; Analysis & Synthesis Settings                                                                              ;
+------------------------------------------------------------------+--------------------+--------------------+
; Option                                                           ; Setting            ; Default Value      ;
+------------------------------------------------------------------+--------------------+--------------------+
; Device                                                           ; 10M50DAF484C6GES   ;                    ;
; Top-level entity name                                            ; riscv_cpu_full     ; cpu                ;
; Family name                                                      ; MAX 10             ; Cyclone V          ;
; Use smart compilation                                            ; Off                ; Off                ;
; Enable parallel Assembler and Timing Analyzer during compilation ; On                 ; On                 ;
; Enable compact report table                                      ; Off                ; Off                ;
; Restructure Multiplexers                                         ; Auto               ; Auto               ;
; Create Debugging Nodes for IP Cores                              ; Off                ; Off                ;
; Preserve fewer node names                                        ; On                 ; On                 ;
; Intel FPGA IP Evaluation Mode                                    ; Enable             ; Enable             ;
; Verilog Version                                                  ; Verilog_2001       ; Verilog_2001       ;
; VHDL Version                                                     ; VHDL_1993          ; VHDL_1993          ;
; State Machine Processing                                         ; Auto               ; Auto               ;
; Safe State Machine                                               ; Off                ; Off                ;
; Extract Verilog State Machines                                   ; On                 ; On                 ;
; Extract VHDL State Machines                                      ; On                 ; On                 ;
; Ignore Verilog initial constructs                                ; Off                ; Off                ;
; Iteration limit for constant Verilog loops                       ; 5000               ; 5000               ;
; Iteration limit for non-constant Verilog loops                   ; 250                ; 250                ;
; Add Pass-Through Logic to Inferred RAMs                          ; On                 ; On                 ;
; Infer RAMs from Raw Logic                                        ; On                 ; On                 ;
; Parallel Synthesis                                               ; On                 ; On                 ;
; DSP Block Balancing                                              ; Auto               ; Auto               ;
; NOT Gate Push-Back                                               ; On                 ; On                 ;
; Power-Up Don't Care                                              ; On                 ; On                 ;
; Remove Redundant Logic Cells                                     ; Off                ; Off                ;
; Remove Duplicate Registers                                       ; On                 ; On                 ;
; Ignore CARRY Buffers                                             ; Off                ; Off                ;
; Ignore CASCADE Buffers                                           ; Off                ; Off                ;
; Ignore GLOBAL Buffers                                            ; Off                ; Off                ;
; Ignore ROW GLOBAL Buffers                                        ; Off                ; Off                ;
; Ignore LCELL Buffers                                             ; Off                ; Off                ;
; Ignore SOFT Buffers                                              ; On                 ; On                 ;
; Limit AHDL Integers to 32 Bits                                   ; Off                ; Off                ;
; Optimization Technique                                           ; Balanced           ; Balanced           ;
; Carry Chain Length                                               ; 70                 ; 70                 ;
; Auto Carry Chains                                                ; On                 ; On                 ;
; Auto Open-Drain Pins                                             ; On                 ; On                 ;
; Perform WYSIWYG Primitive Resynthesis                            ; Off                ; Off                ;
; Auto ROM Replacement                                             ; On                 ; On                 ;
; Auto RAM Replacement                                             ; On                 ; On                 ;
; Auto DSP Block Replacement                                       ; On                 ; On                 ;
; Auto Shift Register Replacement                                  ; Auto               ; Auto               ;
; Allow Shift Register Merging across Hierarchies                  ; Auto               ; Auto               ;
; Auto Clock Enable Replacement                                    ; On                 ; On                 ;
; Strict RAM Replacement                                           ; Off                ; Off                ;
; Allow Synchronous Control Signals                                ; On                 ; On                 ;
; Force Use of Synchronous Clear Signals                           ; Off                ; Off                ;
; Auto RAM Block Balancing                                         ; On                 ; On                 ;
; Auto RAM to Logic Cell Conversion                                ; Off                ; Off                ;
; Auto Resource Sharing                                            ; Off                ; Off                ;
; Allow Any RAM Size For Recognition                               ; Off                ; Off                ;
; Allow Any ROM Size For Recognition                               ; Off                ; Off                ;
; Allow Any Shift Register Size For Recognition                    ; Off                ; Off                ;
; Use LogicLock Constraints during Resource Balancing              ; On                 ; On                 ;
; Ignore translate_off and synthesis_off directives                ; Off                ; Off                ;
; Timing-Driven Synthesis                                          ; On                 ; On                 ;
; Report Parameter Settings                                        ; On                 ; On                 ;
; Report Source Assignments                                        ; On                 ; On                 ;
; Report Connectivity Checks                                       ; On                 ; On                 ;
; Ignore Maximum Fan-Out Assignments                               ; Off                ; Off                ;
; Synchronization Register Chain Length                            ; 2                  ; 2                  ;
; Power Optimization During Synthesis                              ; Normal compilation ; Normal compilation ;
; HDL message level                                                ; Level2             ; Level2             ;
; Suppress Register Optimization Related Messages                  ; Off                ; Off                ;
; Number of Removed Registers Reported in Synthesis Report         ; 5000               ; 5000               ;
; Number of Swept Nodes Reported in Synthesis Report               ; 5000               ; 5000               ;
; Number of Inverted Registers Reported in Synthesis Report        ; 100                ; 100                ;
; Clock MUX Protection                                             ; On                 ; On                 ;
; Auto Gated Clock Conversion                                      ; Off                ; Off                ;
; Block Design Naming                                              ; Auto               ; Auto               ;
; SDC constraint protection                                        ; Off                ; Off                ;
; Synthesis Effort                                                 ; Auto               ; Auto               ;
; Shift Register Replacement - Allow Asynchronous Clear Signal     ; On                 ; On                 ;
; Pre-Mapping Resynthesis Optimization                             ; Off                ; Off                ;
; Analysis & Synthesis Message Level                               ; Medium             ; Medium             ;
; Disable Register Merging Across Hierarchies                      ; Auto               ; Auto               ;
; Resource Aware Inference For Block RAM                           ; On                 ; On                 ;
+------------------------------------------------------------------+--------------------+--------------------+


+------------------------------------------+
; Parallel Compilation                     ;
+----------------------------+-------------+
; Processors                 ; Number      ;
+----------------------------+-------------+
; Number detected on machine ; 8           ;
; Maximum allowed            ; 4           ;
;                            ;             ;
; Average used               ; 1.00        ;
; Maximum used               ; 4           ;
;                            ;             ;
; Usage by Processor         ; % Time Used ;
;     Processor 1            ; 100.0%      ;
;     Processor 2            ;   0.1%      ;
;     Processor 3            ;   0.1%      ;
;     Processor 4            ;   0.1%      ;
+----------------------------+-------------+


+-----------------------------------------------------------------------------------------------------------------------------------------------------------------------+
; Analysis & Synthesis Source Files Read                                                                                                                                ;
+----------------------------------+-----------------+---------------------------------------------+----------------------------------------------------------+---------+
; File Name with User-Entered Path ; Used in Netlist ; File Type                                   ; File Name with Absolute Path                             ; Library ;
+----------------------------------+-----------------+---------------------------------------------+----------------------------------------------------------+---------+
; imm_extend.sv                    ; yes             ; User SystemVerilog HDL File                 ; C:/Users/deves/Downloads/FINAL_PROJECT/imm_extend.sv     ;         ;
; adder.sv                         ; yes             ; User SystemVerilog HDL File                 ; C:/Users/deves/Downloads/FINAL_PROJECT/adder.sv          ;         ;
; alu.sv                           ; yes             ; User SystemVerilog HDL File                 ; C:/Users/deves/Downloads/FINAL_PROJECT/alu.sv            ;         ;
; alu_decoder.sv                   ; yes             ; User SystemVerilog HDL File                 ; C:/Users/deves/Downloads/FINAL_PROJECT/alu_decoder.sv    ;         ;
; controller.sv                    ; yes             ; User SystemVerilog HDL File                 ; C:/Users/deves/Downloads/FINAL_PROJECT/controller.sv     ;         ;
; datapath.sv                      ; yes             ; User SystemVerilog HDL File                 ; C:/Users/deves/Downloads/FINAL_PROJECT/datapath.sv       ;         ;
; load_extend.sv                   ; yes             ; User SystemVerilog HDL File                 ; C:/Users/deves/Downloads/FINAL_PROJECT/load_extend.sv    ;         ;
; main_decoder.sv                  ; yes             ; User SystemVerilog HDL File                 ; C:/Users/deves/Downloads/FINAL_PROJECT/main_decoder.sv   ;         ;
; mux2.sv                          ; yes             ; User SystemVerilog HDL File                 ; C:/Users/deves/Downloads/FINAL_PROJECT/mux2.sv           ;         ;
; mux4.sv                          ; yes             ; User SystemVerilog HDL File                 ; C:/Users/deves/Downloads/FINAL_PROJECT/mux4.sv           ;         ;
; reg_file.sv                      ; yes             ; User SystemVerilog HDL File                 ; C:/Users/deves/Downloads/FINAL_PROJECT/reg_file.sv       ;         ;
; reset_ff.sv                      ; yes             ; User SystemVerilog HDL File                 ; C:/Users/deves/Downloads/FINAL_PROJECT/reset_ff.sv       ;         ;
; store_extend.sv                  ; yes             ; User SystemVerilog HDL File                 ; C:/Users/deves/Downloads/FINAL_PROJECT/store_extend.sv   ;         ;
; data_mem.sv                      ; yes             ; User SystemVerilog HDL File                 ; C:/Users/deves/Downloads/FINAL_PROJECT/data_mem.sv       ;         ;
; instr_mem.sv                     ; yes             ; User SystemVerilog HDL File                 ; C:/Users/deves/Downloads/FINAL_PROJECT/instr_mem.sv      ;         ;
; riscv_cpu.sv                     ; yes             ; User SystemVerilog HDL File                 ; C:/Users/deves/Downloads/FINAL_PROJECT/riscv_cpu.sv      ;         ;
; riscv_cpu_full.sv                ; yes             ; User SystemVerilog HDL File                 ; C:/Users/deves/Downloads/FINAL_PROJECT/riscv_cpu_full.sv ;         ;
; program_dump.hex                 ; yes             ; Auto-Found Hexadecimal (Intel-Format) File  ; C:/Users/deves/Downloads/FINAL_PROJECT/program_dump.hex  ;         ;
+----------------------------------+-----------------+---------------------------------------------+----------------------------------------------------------+---------+


+---------------------------------------------------------+
; Analysis & Synthesis Resource Usage Summary             ;
+---------------------------------------------+-----------+
; Resource                                    ; Usage     ;
+---------------------------------------------+-----------+
; Estimated Total logic elements              ; 7,051     ;
;                                             ;           ;
; Total combinational functions               ; 4043      ;
; Logic element usage by number of LUT inputs ;           ;
;     -- 4 input functions                    ; 3532      ;
;     -- 3 input functions                    ; 437       ;
;     -- <=2 input functions                  ; 74        ;
;                                             ;           ;
; Logic elements by mode                      ;           ;
;     -- normal mode                          ; 3871      ;
;     -- arithmetic mode                      ; 172       ;
;                                             ;           ;
; Total registers                             ; 3104      ;
;     -- Dedicated logic registers            ; 3104      ;
;     -- I/O registers                        ; 0         ;
;                                             ;           ;
; I/O pins                                    ; 164       ;
;                                             ;           ;
; Embedded Multiplier 9-bit elements          ; 0         ;
;                                             ;           ;
; Maximum fan-out node                        ; clk~input ;
; Maximum fan-out                             ; 3104      ;
; Total fan-out                               ; 25221     ;
; Average fan-out                             ; 3.37      ;
+---------------------------------------------+-----------+


+-----------------------------------------------------------------------------------------------------------------------------------------------------------------------------------------------------------------------------------------------------------------------------------------+
; Analysis & Synthesis Resource Utilization by Entity                                                                                                                                                                                                                                     ;
+---------------------------------+---------------------+---------------------------+-------------+------------+--------------+---------+-----------+------+--------------+------------+------------------------------------------------------------------+----------------+--------------+
; Compilation Hierarchy Node      ; Combinational ALUTs ; Dedicated Logic Registers ; Memory Bits ; UFM Blocks ; DSP Elements ; DSP 9x9 ; DSP 18x18 ; Pins ; Virtual Pins ; ADC blocks ; Full Hierarchy Name                                              ; Entity Name    ; Library Name ;
+---------------------------------+---------------------+---------------------------+-------------+------------+--------------+---------+-----------+------+--------------+------------+------------------------------------------------------------------+----------------+--------------+
; |riscv_cpu_full                 ; 4043 (69)           ; 3104 (0)                  ; 0           ; 0          ; 0            ; 0       ; 0         ; 164  ; 0            ; 0          ; |riscv_cpu_full                                                  ; riscv_cpu_full ; work         ;
;    |data_mem:datamem|           ; 1424 (1424)         ; 2048 (2048)               ; 0           ; 0          ; 0            ; 0       ; 0         ; 0    ; 0            ; 0          ; |riscv_cpu_full|data_mem:datamem                                 ; data_mem       ; work         ;
;    |instr_mem:instrmem|         ; 176 (176)           ; 0 (0)                     ; 0           ; 0          ; 0            ; 0       ; 0         ; 0    ; 0            ; 0          ; |riscv_cpu_full|instr_mem:instrmem                               ; instr_mem      ; work         ;
;    |riscv_cpu:rvcpu|            ; 2374 (0)            ; 1056 (0)                  ; 0           ; 0          ; 0            ; 0       ; 0         ; 0    ; 0            ; 0          ; |riscv_cpu_full|riscv_cpu:rvcpu                                  ; riscv_cpu      ; work         ;
;       |controller:c|            ; 30 (2)              ; 0 (0)                     ; 0           ; 0          ; 0            ; 0       ; 0         ; 0    ; 0            ; 0          ; |riscv_cpu_full|riscv_cpu:rvcpu|controller:c                     ; controller     ; work         ;
;          |alu_decoder:ad|       ; 8 (8)               ; 0 (0)                     ; 0           ; 0          ; 0            ; 0       ; 0         ; 0    ; 0            ; 0          ; |riscv_cpu_full|riscv_cpu:rvcpu|controller:c|alu_decoder:ad      ; alu_decoder    ; work         ;
;          |main_decoder:md|      ; 20 (20)             ; 0 (0)                     ; 0           ; 0          ; 0            ; 0       ; 0         ; 0    ; 0            ; 0          ; |riscv_cpu_full|riscv_cpu:rvcpu|controller:c|main_decoder:md     ; main_decoder   ; work         ;
;       |datapath:dp|             ; 2344 (0)            ; 1056 (0)                  ; 0           ; 0          ; 0            ; 0       ; 0         ; 0    ; 0            ; 0          ; |riscv_cpu_full|riscv_cpu:rvcpu|datapath:dp                      ; datapath       ; work         ;
;          |adder:auipcadd|       ; 20 (20)             ; 0 (0)                     ; 0           ; 0          ; 0            ; 0       ; 0         ; 0    ; 0            ; 0          ; |riscv_cpu_full|riscv_cpu:rvcpu|datapath:dp|adder:auipcadd       ; adder          ; work         ;
;          |adder:pcadd4|         ; 30 (30)             ; 0 (0)                     ; 0           ; 0          ; 0            ; 0       ; 0         ; 0    ; 0            ; 0          ; |riscv_cpu_full|riscv_cpu:rvcpu|datapath:dp|adder:pcadd4         ; adder          ; work         ;
;          |adder:pcaddbranch|    ; 32 (32)             ; 0 (0)                     ; 0           ; 0          ; 0            ; 0       ; 0         ; 0    ; 0            ; 0          ; |riscv_cpu_full|riscv_cpu:rvcpu|datapath:dp|adder:pcaddbranch    ; adder          ; work         ;
;          |alu:alu|              ; 619 (619)           ; 0 (0)                     ; 0           ; 0          ; 0            ; 0       ; 0         ; 0    ; 0            ; 0          ; |riscv_cpu_full|riscv_cpu:rvcpu|datapath:dp|alu:alu              ; alu            ; work         ;
;          |imm_extend:ext|       ; 18 (18)             ; 0 (0)                     ; 0           ; 0          ; 0            ; 0       ; 0         ; 0    ; 0            ; 0          ; |riscv_cpu_full|riscv_cpu:rvcpu|datapath:dp|imm_extend:ext       ; imm_extend     ; work         ;
;          |load_extend:ldextd|   ; 3 (3)               ; 0 (0)                     ; 0           ; 0          ; 0            ; 0       ; 0         ; 0    ; 0            ; 0          ; |riscv_cpu_full|riscv_cpu:rvcpu|datapath:dp|load_extend:ldextd   ; load_extend    ; work         ;
;          |mux2:luipc_auipc_mux| ; 1 (1)               ; 0 (0)                     ; 0           ; 0          ; 0            ; 0       ; 0         ; 0    ; 0            ; 0          ; |riscv_cpu_full|riscv_cpu:rvcpu|datapath:dp|mux2:luipc_auipc_mux ; mux2           ; work         ;
;          |mux2:pcjalrmux|       ; 3 (3)               ; 0 (0)                     ; 0           ; 0          ; 0            ; 0       ; 0         ; 0    ; 0            ; 0          ; |riscv_cpu_full|riscv_cpu:rvcpu|datapath:dp|mux2:pcjalrmux       ; mux2           ; work         ;
;          |mux2:srcbmux|         ; 36 (36)             ; 0 (0)                     ; 0           ; 0          ; 0            ; 0       ; 0         ; 0    ; 0            ; 0          ; |riscv_cpu_full|riscv_cpu:rvcpu|datapath:dp|mux2:srcbmux         ; mux2           ; work         ;
;          |mux4:resultmux|       ; 119 (119)           ; 0 (0)                     ; 0           ; 0          ; 0            ; 0       ; 0         ; 0    ; 0            ; 0          ; |riscv_cpu_full|riscv_cpu:rvcpu|datapath:dp|mux4:resultmux       ; mux4           ; work         ;
;          |reg_file:rf|          ; 1431 (1431)         ; 1024 (1024)               ; 0           ; 0          ; 0            ; 0       ; 0         ; 0    ; 0            ; 0          ; |riscv_cpu_full|riscv_cpu:rvcpu|datapath:dp|reg_file:rf          ; reg_file       ; work         ;
;          |reset_ff:pcreg|       ; 31 (31)             ; 32 (32)                   ; 0           ; 0          ; 0            ; 0       ; 0         ; 0    ; 0            ; 0          ; |riscv_cpu_full|riscv_cpu:rvcpu|datapath:dp|reset_ff:pcreg       ; reset_ff       ; work         ;
;          |store_extend:strextd| ; 1 (1)               ; 0 (0)                     ; 0           ; 0          ; 0            ; 0       ; 0         ; 0    ; 0            ; 0          ; |riscv_cpu_full|riscv_cpu:rvcpu|datapath:dp|store_extend:strextd ; store_extend   ; work         ;
+---------------------------------+---------------------+---------------------------+-------------+------------+--------------+---------+-----------+------+--------------+------------+------------------------------------------------------------------+----------------+--------------+
Note: For table entries with two numbers listed, the numbers in parentheses indicate the number of resources of the given type used by the specific entity alone. The numbers listed outside of parentheses indicate the total resources of the given type used by the specific entity and all of its sub-entities in the hierarchy.


+------------------------------------------------------+
; General Register Statistics                          ;
+----------------------------------------------+-------+
; Statistic                                    ; Value ;
+----------------------------------------------+-------+
; Total registers                              ; 3104  ;
; Number of registers using Synchronous Clear  ; 0     ;
; Number of registers using Synchronous Load   ; 30    ;
; Number of registers using Asynchronous Clear ; 32    ;
; Number of registers using Asynchronous Load  ; 0     ;
; Number of registers using Clock Enable       ; 3074  ;
; Number of registers using Preset             ; 0     ;
+----------------------------------------------+-------+


+--------------------------------------------------------------------------------------------------------------------------------------------------------------------------------+
; Multiplexer Restructuring Statistics (Restructuring Performed)                                                                                                                 ;
+--------------------+-----------+---------------+----------------------+------------------------+------------+------------------------------------------------------------------+
; Multiplexer Inputs ; Bus Width ; Baseline Area ; Area if Restructured ; Saving if Restructured ; Registered ; Example Multiplexer Output                                       ;
+--------------------+-----------+---------------+----------------------+------------------------+------------+------------------------------------------------------------------+
; 3:1                ; 2 bits    ; 4 LEs         ; 2 LEs                ; 2 LEs                  ; Yes        ; |riscv_cpu_full|riscv_cpu:rvcpu|datapath:dp|reset_ff:pcreg|q[0]  ;
; 3:1                ; 30 bits   ; 60 LEs        ; 60 LEs               ; 0 LEs                  ; Yes        ; |riscv_cpu_full|riscv_cpu:rvcpu|datapath:dp|reset_ff:pcreg|q[30] ;
; 3:1                ; 16 bits   ; 32 LEs        ; 32 LEs               ; 0 LEs                  ; No         ; |riscv_cpu_full|WriteData                                        ;
; 3:1                ; 8 bits    ; 16 LEs        ; 16 LEs               ; 0 LEs                  ; No         ; |riscv_cpu_full|WriteData                                        ;
; 5:1                ; 6 bits    ; 18 LEs        ; 12 LEs               ; 6 LEs                  ; No         ; |riscv_cpu_full|riscv_cpu:rvcpu|datapath:dp|mux4:resultmux|y[4]  ;
; 4:1                ; 2 bits    ; 4 LEs         ; 4 LEs                ; 0 LEs                  ; No         ; |riscv_cpu_full|riscv_cpu:rvcpu|datapath:dp|mux4:resultmux|y[1]  ;
; 18:1               ; 8 bits    ; 96 LEs        ; 48 LEs               ; 48 LEs                 ; No         ; |riscv_cpu_full|riscv_cpu:rvcpu|datapath:dp|alu:alu|Mux16        ;
; 18:1               ; 8 bits    ; 96 LEs        ; 56 LEs               ; 40 LEs                 ; No         ; |riscv_cpu_full|riscv_cpu:rvcpu|datapath:dp|alu:alu|Mux12        ;
; 10:1               ; 4 bits    ; 24 LEs        ; 16 LEs               ; 8 LEs                  ; No         ; |riscv_cpu_full|riscv_cpu:rvcpu|datapath:dp|mux4:resultmux|y[8]  ;
; 10:1               ; 16 bits   ; 96 LEs        ; 64 LEs               ; 32 LEs                 ; No         ; |riscv_cpu_full|riscv_cpu:rvcpu|datapath:dp|mux4:resultmux|y[30] ;
; 10:1               ; 3 bits    ; 18 LEs        ; 12 LEs               ; 6 LEs                  ; No         ; |riscv_cpu_full|riscv_cpu:rvcpu|datapath:dp|mux4:resultmux|y[14] ;
; 19:1               ; 4 bits    ; 48 LEs        ; 28 LEs               ; 20 LEs                 ; No         ; |riscv_cpu_full|riscv_cpu:rvcpu|datapath:dp|alu:alu|Mux24        ;
; 19:1               ; 4 bits    ; 48 LEs        ; 32 LEs               ; 16 LEs                 ; No         ; |riscv_cpu_full|riscv_cpu:rvcpu|datapath:dp|alu:alu|Mux7         ;
; 20:1               ; 2 bits    ; 26 LEs        ; 16 LEs               ; 10 LEs                 ; No         ; |riscv_cpu_full|riscv_cpu:rvcpu|datapath:dp|alu:alu|Mux28        ;
; 20:1               ; 2 bits    ; 26 LEs        ; 16 LEs               ; 10 LEs                 ; No         ; |riscv_cpu_full|riscv_cpu:rvcpu|datapath:dp|alu:alu|Mux2         ;
; 21:1               ; 2 bits    ; 28 LEs        ; 18 LEs               ; 10 LEs                 ; No         ; |riscv_cpu_full|riscv_cpu:rvcpu|datapath:dp|alu:alu|Mux1         ;
+--------------------+-----------+---------------+----------------------+------------------------+------------+------------------------------------------------------------------+


+-----------------------------------------------------------------------------------------+
; Parameter Settings for User Entity Instance: riscv_cpu:rvcpu|datapath:dp|reset_ff:pcreg ;
+----------------+-------+----------------------------------------------------------------+
; Parameter Name ; Value ; Type                                                           ;
+----------------+-------+----------------------------------------------------------------+
; WIDTH          ; 32    ; Signed Integer                                                 ;
+----------------+-------+----------------------------------------------------------------+
Note: In order to hide this table in the UI and the text report file, please set the "Show Parameter Settings in Synthesis Report" option in "Analysis and Synthesis Settings -> More Settings" to "Off".


+---------------------------------------------------------------------------------------+
; Parameter Settings for User Entity Instance: riscv_cpu:rvcpu|datapath:dp|adder:pcadd4 ;
+----------------+-------+--------------------------------------------------------------+
; Parameter Name ; Value ; Type                                                         ;
+----------------+-------+--------------------------------------------------------------+
; WIDTH          ; 32    ; Signed Integer                                               ;
+----------------+-------+--------------------------------------------------------------+
Note: In order to hide this table in the UI and the text report file, please set the "Show Parameter Settings in Synthesis Report" option in "Analysis and Synthesis Settings -> More Settings" to "Off".


+--------------------------------------------------------------------------------------------+
; Parameter Settings for User Entity Instance: riscv_cpu:rvcpu|datapath:dp|adder:pcaddbranch ;
+----------------+-------+-------------------------------------------------------------------+
; Parameter Name ; Value ; Type                                                              ;
+----------------+-------+-------------------------------------------------------------------+
; WIDTH          ; 32    ; Signed Integer                                                    ;
+----------------+-------+-------------------------------------------------------------------+
Note: In order to hide this table in the UI and the text report file, please set the "Show Parameter Settings in Synthesis Report" option in "Analysis and Synthesis Settings -> More Settings" to "Off".


+-----------------------------------------------------------------------------------------+
; Parameter Settings for User Entity Instance: riscv_cpu:rvcpu|datapath:dp|mux2:pcjalrmux ;
+----------------+-------+----------------------------------------------------------------+
; Parameter Name ; Value ; Type                                                           ;
+----------------+-------+----------------------------------------------------------------+
; WIDTH          ; 32    ; Signed Integer                                                 ;
+----------------+-------+----------------------------------------------------------------+
Note: In order to hide this table in the UI and the text report file, please set the "Show Parameter Settings in Synthesis Report" option in "Analysis and Synthesis Settings -> More Settings" to "Off".


+-------------------------------------------------------------------------------------+
; Parameter Settings for User Entity Instance: riscv_cpu:rvcpu|datapath:dp|mux2:pcmux ;
+----------------+-------+------------------------------------------------------------+
; Parameter Name ; Value ; Type                                                       ;
+----------------+-------+------------------------------------------------------------+
; WIDTH          ; 32    ; Signed Integer                                             ;
+----------------+-------+------------------------------------------------------------+
Note: In order to hide this table in the UI and the text report file, please set the "Show Parameter Settings in Synthesis Report" option in "Analysis and Synthesis Settings -> More Settings" to "Off".


+--------------------------------------------------------------------------------------+
; Parameter Settings for User Entity Instance: riscv_cpu:rvcpu|datapath:dp|reg_file:rf ;
+----------------+-------+-------------------------------------------------------------+
; Parameter Name ; Value ; Type                                                        ;
+----------------+-------+-------------------------------------------------------------+
; DATA_WIDTH     ; 32    ; Signed Integer                                              ;
+----------------+-------+-------------------------------------------------------------+
Note: In order to hide this table in the UI and the text report file, please set the "Show Parameter Settings in Synthesis Report" option in "Analysis and Synthesis Settings -> More Settings" to "Off".


+---------------------------------------------------------------------------------------+
; Parameter Settings for User Entity Instance: riscv_cpu:rvcpu|datapath:dp|mux2:srcbmux ;
+----------------+-------+--------------------------------------------------------------+
; Parameter Name ; Value ; Type                                                         ;
+----------------+-------+--------------------------------------------------------------+
; WIDTH          ; 32    ; Signed Integer                                               ;
+----------------+-------+--------------------------------------------------------------+
Note: In order to hide this table in the UI and the text report file, please set the "Show Parameter Settings in Synthesis Report" option in "Analysis and Synthesis Settings -> More Settings" to "Off".


+----------------------------------------------------------------------------------+
; Parameter Settings for User Entity Instance: riscv_cpu:rvcpu|datapath:dp|alu:alu ;
+----------------+-------+---------------------------------------------------------+
; Parameter Name ; Value ; Type                                                    ;
+----------------+-------+---------------------------------------------------------+
; WIDTH          ; 32    ; Signed Integer                                          ;
+----------------+-------+---------------------------------------------------------+
Note: In order to hide this table in the UI and the text report file, please set the "Show Parameter Settings in Synthesis Report" option in "Analysis and Synthesis Settings -> More Settings" to "Off".


+-----------------------------------------------------------------------------------------+
; Parameter Settings for User Entity Instance: riscv_cpu:rvcpu|datapath:dp|adder:auipcadd ;
+----------------+-------+----------------------------------------------------------------+
; Parameter Name ; Value ; Type                                                           ;
+----------------+-------+----------------------------------------------------------------+
; WIDTH          ; 32    ; Signed Integer                                                 ;
+----------------+-------+----------------------------------------------------------------+
Note: In order to hide this table in the UI and the text report file, please set the "Show Parameter Settings in Synthesis Report" option in "Analysis and Synthesis Settings -> More Settings" to "Off".


+-----------------------------------------------------------------------------------------------+
; Parameter Settings for User Entity Instance: riscv_cpu:rvcpu|datapath:dp|mux2:luipc_auipc_mux ;
+----------------+-------+----------------------------------------------------------------------+
; Parameter Name ; Value ; Type                                                                 ;
+----------------+-------+----------------------------------------------------------------------+
; WIDTH          ; 32    ; Signed Integer                                                       ;
+----------------+-------+----------------------------------------------------------------------+
Note: In order to hide this table in the UI and the text report file, please set the "Show Parameter Settings in Synthesis Report" option in "Analysis and Synthesis Settings -> More Settings" to "Off".


+-----------------------------------------------------------------------------------------+
; Parameter Settings for User Entity Instance: riscv_cpu:rvcpu|datapath:dp|mux4:resultmux ;
+----------------+-------+----------------------------------------------------------------+
; Parameter Name ; Value ; Type                                                           ;
+----------------+-------+----------------------------------------------------------------+
; WIDTH          ; 32    ; Signed Integer                                                 ;
+----------------+-------+----------------------------------------------------------------+
Note: In order to hide this table in the UI and the text report file, please set the "Show Parameter Settings in Synthesis Report" option in "Analysis and Synthesis Settings -> More Settings" to "Off".


+-----------------------------------------------------------------+
; Parameter Settings for User Entity Instance: instr_mem:instrmem ;
+----------------+-------+----------------------------------------+
; Parameter Name ; Value ; Type                                   ;
+----------------+-------+----------------------------------------+
; DATA_WIDTH     ; 32    ; Signed Integer                         ;
; ADDR_WIDTH     ; 32    ; Signed Integer                         ;
; MEM_SIZE       ; 512   ; Signed Integer                         ;
+----------------+-------+----------------------------------------+
Note: In order to hide this table in the UI and the text report file, please set the "Show Parameter Settings in Synthesis Report" option in "Analysis and Synthesis Settings -> More Settings" to "Off".


+---------------------------------------------------------------+
; Parameter Settings for User Entity Instance: data_mem:datamem ;
+----------------+-------+--------------------------------------+
; Parameter Name ; Value ; Type                                 ;
+----------------+-------+--------------------------------------+
; DATA_WIDTH     ; 32    ; Signed Integer                       ;
; ADDR_WIDTH     ; 32    ; Signed Integer                       ;
; MEM_SIZE       ; 64    ; Signed Integer                       ;
+----------------+-------+--------------------------------------+
Note: In order to hide this table in the UI and the text report file, please set the "Show Parameter Settings in Synthesis Report" option in "Analysis and Synthesis Settings -> More Settings" to "Off".


+------------------------------------------------------------------------------+
; Port Connectivity Checks: "riscv_cpu:rvcpu|datapath:dp|mux2:luipc_auipc_mux" ;
+-----------+-------+----------+-----------------------------------------------+
; Port      ; Type  ; Severity ; Details                                       ;
+-----------+-------+----------+-----------------------------------------------+
; d1[11..0] ; Input ; Info     ; Stuck at GND                                  ;
+-----------+-------+----------+-----------------------------------------------+


+------------------------------------------------------------------------+
; Port Connectivity Checks: "riscv_cpu:rvcpu|datapath:dp|adder:auipcadd" ;
+----------+-------+----------+------------------------------------------+
; Port     ; Type  ; Severity ; Details                                  ;
+----------+-------+----------+------------------------------------------+
; b[11..0] ; Input ; Info     ; Stuck at GND                             ;
+----------+-------+----------+------------------------------------------+


+----------------------------------------------------------------------+
; Port Connectivity Checks: "riscv_cpu:rvcpu|datapath:dp|adder:pcadd4" ;
+----------+-------+----------+----------------------------------------+
; Port     ; Type  ; Severity ; Details                                ;
+----------+-------+----------+----------------------------------------+
; b[31..3] ; Input ; Info     ; Stuck at GND                           ;
; b[1..0]  ; Input ; Info     ; Stuck at GND                           ;
; b[2]     ; Input ; Info     ; Stuck at VCC                           ;
+----------+-------+----------+----------------------------------------+


+------------------------------------------------------------------------------------------------------------------+
; Port Connectivity Checks: "riscv_cpu:rvcpu|controller:c|main_decoder:md"                                         ;
+--------+--------+----------+-------------------------------------------------------------------------------------+
; Port   ; Type   ; Severity ; Details                                                                             ;
+--------+--------+----------+-------------------------------------------------------------------------------------+
; ALUR31 ; Output ; Info     ; Connected to dangling logic. Logic that only feeds a dangling port will be removed. ;
; Zero   ; Output ; Info     ; Connected to dangling logic. Logic that only feeds a dangling port will be removed. ;
+--------+--------+----------+-------------------------------------------------------------------------------------+


+-----------------------------------------------------+
; Post-Synthesis Netlist Statistics for Top Partition ;
+-----------------------+-----------------------------+
; Type                  ; Count                       ;
+-----------------------+-----------------------------+
; boundary_port         ; 164                         ;
; cycloneiii_ff         ; 3104                        ;
;     CLR SLD           ; 30                          ;
;     ENA               ; 3072                        ;
;     ENA CLR           ; 2                           ;
; cycloneiii_lcell_comb ; 4043                        ;
;     arith             ; 172                         ;
;         2 data inputs ; 29                          ;
;         3 data inputs ; 143                         ;
;     normal            ; 3871                        ;
;         1 data inputs ; 1                           ;
;         2 data inputs ; 44                          ;
;         3 data inputs ; 294                         ;
;         4 data inputs ; 3532                        ;
;                       ;                             ;
; Max LUT depth         ; 30.00                       ;
; Average LUT depth     ; 18.55                       ;
+-----------------------+-----------------------------+


+-------------------------------+
; Elapsed Time Per Partition    ;
+----------------+--------------+
; Partition Name ; Elapsed Time ;
+----------------+--------------+
; Top            ; 00:00:16     ;
+----------------+--------------+


+-------------------------------+
; Analysis & Synthesis Messages ;
+-------------------------------+
Info: *******************************************************************
Info: Running Quartus Prime Analysis & Synthesis
    Info: Version 20.1.1 Build 720 11/11/2020 SJ Lite Edition
    Info: Processing started: Thu May 30 16:25:00 2024
Info: Command: quartus_map --read_settings_files=on --write_settings_files=off cpu -c cpu
Warning (18236): Number of processors has not been specified which may cause overloading on shared machines.  Set the global assignment NUM_PARALLEL_PROCESSORS in your QSF to an appropriate value for best performance.
Info (20030): Parallel compilation is enabled and will use 4 of the 4 processors detected
Info (12021): Found 1 design units, including 1 entities, in source file imm_extend.sv
    Info (12023): Found entity 1: imm_extend File: C:/Users/deves/Downloads/FINAL_PROJECT/imm_extend.sv Line: 4
Info (12021): Found 1 design units, including 1 entities, in source file adder.sv
    Info (12023): Found entity 1: adder File: C:/Users/deves/Downloads/FINAL_PROJECT/adder.sv Line: 1
Info (12021): Found 1 design units, including 1 entities, in source file alu.sv
    Info (12023): Found entity 1: alu File: C:/Users/deves/Downloads/FINAL_PROJECT/alu.sv Line: 3
Info (12021): Found 1 design units, including 1 entities, in source file alu_decoder.sv
    Info (12023): Found entity 1: alu_decoder File: C:/Users/deves/Downloads/FINAL_PROJECT/alu_decoder.sv Line: 4
Info (12021): Found 1 design units, including 1 entities, in source file controller.sv
    Info (12023): Found entity 1: controller File: C:/Users/deves/Downloads/FINAL_PROJECT/controller.sv Line: 4
Info (12021): Found 1 design units, including 1 entities, in source file datapath.sv
    Info (12023): Found entity 1: datapath File: C:/Users/deves/Downloads/FINAL_PROJECT/datapath.sv Line: 4
Info (12021): Found 1 design units, including 1 entities, in source file load_extend.sv
    Info (12023): Found entity 1: load_extend File: C:/Users/deves/Downloads/FINAL_PROJECT/load_extend.sv Line: 5
Info (12021): Found 1 design units, including 1 entities, in source file main_decoder.sv
    Info (12023): Found entity 1: main_decoder File: C:/Users/deves/Downloads/FINAL_PROJECT/main_decoder.sv Line: 4
Info (12021): Found 1 design units, including 1 entities, in source file mux2.sv
    Info (12023): Found entity 1: mux2 File: C:/Users/deves/Downloads/FINAL_PROJECT/mux2.sv Line: 4
Info (12021): Found 1 design units, including 1 entities, in source file mux3.sv
    Info (12023): Found entity 1: mux3 File: C:/Users/deves/Downloads/FINAL_PROJECT/mux3.sv Line: 4
Info (12021): Found 1 design units, including 1 entities, in source file mux4.sv
    Info (12023): Found entity 1: mux4 File: C:/Users/deves/Downloads/FINAL_PROJECT/mux4.sv Line: 4
Info (12021): Found 1 design units, including 1 entities, in source file reg_file.sv
    Info (12023): Found entity 1: reg_file File: C:/Users/deves/Downloads/FINAL_PROJECT/reg_file.sv Line: 2
Info (12021): Found 1 design units, including 1 entities, in source file reset_ff.sv
    Info (12023): Found entity 1: reset_ff File: C:/Users/deves/Downloads/FINAL_PROJECT/reset_ff.sv Line: 4
Info (12021): Found 1 design units, including 1 entities, in source file sign_extend.sv
    Info (12023): Found entity 1: sign_extend File: C:/Users/deves/Downloads/FINAL_PROJECT/sign_extend.sv Line: 3
Info (12021): Found 1 design units, including 1 entities, in source file store_extend.sv
    Info (12023): Found entity 1: store_extend File: C:/Users/deves/Downloads/FINAL_PROJECT/store_extend.sv Line: 4
Info (12021): Found 1 design units, including 1 entities, in source file data_mem.sv
    Info (12023): Found entity 1: data_mem File: C:/Users/deves/Downloads/FINAL_PROJECT/data_mem.sv Line: 4
Info (12021): Found 1 design units, including 1 entities, in source file instr_mem.sv
    Info (12023): Found entity 1: instr_mem File: C:/Users/deves/Downloads/FINAL_PROJECT/instr_mem.sv Line: 4
Info (12021): Found 1 design units, including 1 entities, in source file riscv_cpu.sv
    Info (12023): Found entity 1: riscv_cpu File: C:/Users/deves/Downloads/FINAL_PROJECT/riscv_cpu.sv Line: 4
Info (12021): Found 1 design units, including 1 entities, in source file riscv_cpu_full.sv
    Info (12023): Found entity 1: riscv_cpu_full File: C:/Users/deves/Downloads/FINAL_PROJECT/riscv_cpu_full.sv Line: 4
Info (12021): Found 1 design units, including 1 entities, in source file .testbench/tb.sv
    Info (12023): Found entity 1: tb File: C:/Users/deves/Downloads/FINAL_PROJECT/.testbench/tb.sv Line: 3
Info (12127): Elaborating entity "riscv_cpu_full" for the top level hierarchy
Warning (10230): Verilog HDL assignment warning at riscv_cpu_full.sv(21): truncated value with size 32 to match size of target (1) File: C:/Users/deves/Downloads/FINAL_PROJECT/riscv_cpu_full.sv Line: 21
Info (12128): Elaborating entity "riscv_cpu" for hierarchy "riscv_cpu:rvcpu" File: C:/Users/deves/Downloads/FINAL_PROJECT/riscv_cpu_full.sv Line: 17
Info (12128): Elaborating entity "controller" for hierarchy "riscv_cpu:rvcpu|controller:c" File: C:/Users/deves/Downloads/FINAL_PROJECT/riscv_cpu.sv Line: 21
Info (12128): Elaborating entity "main_decoder" for hierarchy "riscv_cpu:rvcpu|controller:c|main_decoder:md" File: C:/Users/deves/Downloads/FINAL_PROJECT/controller.sv Line: 23
Warning (10030): Net "ALUR31" at main_decoder.sv(8) has no driver or initial value, using a default initial value '0' File: C:/Users/deves/Downloads/FINAL_PROJECT/main_decoder.sv Line: 8
Warning (10030): Net "Zero" at main_decoder.sv(9) has no driver or initial value, using a default initial value '0' File: C:/Users/deves/Downloads/FINAL_PROJECT/main_decoder.sv Line: 9
Info (12128): Elaborating entity "alu_decoder" for hierarchy "riscv_cpu:rvcpu|controller:c|alu_decoder:ad" File: C:/Users/deves/Downloads/FINAL_PROJECT/controller.sv Line: 25
Info (12128): Elaborating entity "datapath" for hierarchy "riscv_cpu:rvcpu|datapath:dp" File: C:/Users/deves/Downloads/FINAL_PROJECT/riscv_cpu.sv Line: 25
Info (12128): Elaborating entity "reset_ff" for hierarchy "riscv_cpu:rvcpu|datapath:dp|reset_ff:pcreg" File: C:/Users/deves/Downloads/FINAL_PROJECT/datapath.sv Line: 24
Info (12128): Elaborating entity "adder" for hierarchy "riscv_cpu:rvcpu|datapath:dp|adder:pcadd4" File: C:/Users/deves/Downloads/FINAL_PROJECT/datapath.sv Line: 25
Info (12128): Elaborating entity "mux2" for hierarchy "riscv_cpu:rvcpu|datapath:dp|mux2:pcjalrmux" File: C:/Users/deves/Downloads/FINAL_PROJECT/datapath.sv Line: 27
Info (12128): Elaborating entity "reg_file" for hierarchy "riscv_cpu:rvcpu|datapath:dp|reg_file:rf" File: C:/Users/deves/Downloads/FINAL_PROJECT/datapath.sv Line: 32
Info (12128): Elaborating entity "imm_extend" for hierarchy "riscv_cpu:rvcpu|datapath:dp|imm_extend:ext" File: C:/Users/deves/Downloads/FINAL_PROJECT/datapath.sv Line: 33
Info (12128): Elaborating entity "alu" for hierarchy "riscv_cpu:rvcpu|datapath:dp|alu:alu" File: C:/Users/deves/Downloads/FINAL_PROJECT/datapath.sv Line: 37
Info (12128): Elaborating entity "load_extend" for hierarchy "riscv_cpu:rvcpu|datapath:dp|load_extend:ldextd" File: C:/Users/deves/Downloads/FINAL_PROJECT/datapath.sv Line: 40
Info (12128): Elaborating entity "mux4" for hierarchy "riscv_cpu:rvcpu|datapath:dp|mux4:resultmux" File: C:/Users/deves/Downloads/FINAL_PROJECT/datapath.sv Line: 45
Info (12128): Elaborating entity "store_extend" for hierarchy "riscv_cpu:rvcpu|datapath:dp|store_extend:strextd" File: C:/Users/deves/Downloads/FINAL_PROJECT/datapath.sv Line: 48
Info (12128): Elaborating entity "instr_mem" for hierarchy "instr_mem:instrmem" File: C:/Users/deves/Downloads/FINAL_PROJECT/riscv_cpu_full.sv Line: 18
Warning (10030): Net "instr_ram.data_a" at instr_mem.sv(10) has no driver or initial value, using a default initial value '0' File: C:/Users/deves/Downloads/FINAL_PROJECT/instr_mem.sv Line: 10
Warning (10030): Net "instr_ram.waddr_a" at instr_mem.sv(10) has no driver or initial value, using a default initial value '0' File: C:/Users/deves/Downloads/FINAL_PROJECT/instr_mem.sv Line: 10
Warning (10030): Net "instr_ram.we_a" at instr_mem.sv(10) has no driver or initial value, using a default initial value '0' File: C:/Users/deves/Downloads/FINAL_PROJECT/instr_mem.sv Line: 10
Info (12128): Elaborating entity "data_mem" for hierarchy "data_mem:datamem" File: C:/Users/deves/Downloads/FINAL_PROJECT/riscv_cpu_full.sv Line: 19
Info (276014): Found 3 instances of uninferred RAM logic
    Info (276013): RAM logic "instr_mem:instrmem|instr_ram" is uninferred because MIF is not supported for the selected family File: C:/Users/deves/Downloads/FINAL_PROJECT/instr_mem.sv Line: 10
    Info (276007): RAM logic "riscv_cpu:rvcpu|datapath:dp|reg_file:rf|reg_file_arr" is uninferred due to asynchronous read logic File: C:/Users/deves/Downloads/FINAL_PROJECT/reg_file.sv Line: 10
    Info (276007): RAM logic "data_mem:datamem|data_ram" is uninferred due to asynchronous read logic File: C:/Users/deves/Downloads/FINAL_PROJECT/data_mem.sv Line: 11
Info (286030): Timing-Driven Synthesis is running
Info (144001): Generated suppressed messages file C:/Users/deves/Downloads/FINAL_PROJECT/output_files/cpu.map.smsg
Info (16010): Generating hard_block partition "hard_block:auto_generated_inst"
    Info (16011): Adding 0 node(s), including 0 DDIO, 0 PLL, 0 transceiver and 0 LCELL
Info (21057): Implemented 7279 device resources after synthesis - the final resource count might be different
    Info (21058): Implemented 67 input pins
    Info (21059): Implemented 97 output pins
    Info (21061): Implemented 7115 logic cells
Info: Quartus Prime Analysis & Synthesis was successful. 0 errors, 7 warnings
    Info: Peak virtual memory: 4813 megabytes
    Info: Processing ended: Thu May 30 16:25:28 2024
    Info: Elapsed time: 00:00:28
    Info: Total CPU time (on all processors): 00:00:18


+------------------------------------------+
; Analysis & Synthesis Suppressed Messages ;
+------------------------------------------+
The suppressed messages can be found in C:/Users/deves/Downloads/FINAL_PROJECT/output_files/cpu.map.smsg.


